{"numFailedTestSuites":1,"numFailedTests":1,"numPassedTestSuites":0,"numPassedTests":0,"numPendingTestSuites":0,"numPendingTests":0,"numRuntimeErrorTestSuites":0,"numTodoTests":0,"numTotalTestSuites":1,"numTotalTests":1,"openHandles":[],"snapshot":{"added":0,"didUpdate":false,"failure":false,"filesAdded":0,"filesRemoved":0,"filesRemovedList":[],"filesUnmatched":0,"filesUpdated":0,"matched":0,"total":0,"unchecked":0,"uncheckedKeysByFile":[],"unmatched":0,"updated":0},"startTime":1614209875351,"success":false,"testResults":[{"assertionResults":[{"ancestorTitles":["super search tests"],"failureMessages":["FetchError: request to http://localhost:3232/api/tickets failed, reason: connect ECONNREFUSED 127.0.0.1:3232\n    at ClientRequest.<anonymous> (/Users/shilom/Dev/wix/fed-entry-level-exam/tester/node_modules/node-fetch/lib/index.js:1461:11)\n    at ClientRequest.emit (events.js:310:20)\n    at Socket.socketErrorListener (_http_client.js:426:9)\n    at Socket.emit (events.js:310:20)\n    at emitErrorNT (internal/streams/destroy.js:92:8)\n    at emitErrorAndCloseNT (internal/streams/destroy.js:60:3)\n    at processTicksAndRejections (internal/process/task_queues.js:84:21)"],"fullName":"super search tests should return correct results","location":null,"status":"failed","title":"should return correct results"}],"endTime":1614209877979,"message":"\u001b[1m\u001b[31m  \u001b[1m● \u001b[22m\u001b[1msuper search tests › should return correct results\u001b[39m\u001b[22m\n\n    FetchError: request to http://localhost:3232/api/tickets failed, reason: connect ECONNREFUSED 127.0.0.1:3232\n\u001b[2m\u001b[22m\n\u001b[2m      \u001b[2mat ClientRequest.<anonymous> (\u001b[22m\u001b[2mnode_modules/node-fetch/lib/index.js\u001b[2m:1461:11)\u001b[22m\u001b[2m\u001b[22m\n","name":"/Users/shilom/Dev/wix/fed-entry-level-exam/tester/e2e.test.ts","startTime":1614209875854,"status":"failed","summary":""}],"wasInterrupted":false}