{"numFailedTestSuites":1,"numFailedTests":1,"numPassedTestSuites":1,"numPassedTests":1,"numPendingTestSuites":0,"numPendingTests":0,"numRuntimeErrorTestSuites":0,"numTodoTests":0,"numTotalTestSuites":2,"numTotalTests":2,"openHandles":[],"snapshot":{"added":0,"didUpdate":false,"failure":false,"filesAdded":0,"filesRemoved":0,"filesRemovedList":[],"filesUnmatched":0,"filesUpdated":0,"matched":0,"total":0,"unchecked":0,"uncheckedKeysByFile":[],"unmatched":0,"updated":0},"startTime":1629113755857,"success":false,"testResults":[{"assertionResults":[{"ancestorTitles":["Titles"],"failureMessages":["Error: Network Error\n    at createError (/Users/shaharg/wix/fed-entry-level-exam/tester/node_modules/axios/lib/core/createError.js:16:15)\n    at XMLHttpRequest.handleError (/Users/shaharg/wix/fed-entry-level-exam/tester/node_modules/axios/lib/adapters/xhr.js:84:14)\n    at XMLHttpRequest.invokeTheCallbackFunction (/Users/shaharg/wix/fed-entry-level-exam/tester/node_modules/jsdom/lib/jsdom/living/generated/EventHandlerNonNull.js:18:28)\n    at XMLHttpRequest.<anonymous> (/Users/shaharg/wix/fed-entry-level-exam/tester/node_modules/jsdom/lib/jsdom/living/helpers/create-event-accessor.js:35:32)\n    at innerInvokeEventListeners (/Users/shaharg/wix/fed-entry-level-exam/tester/node_modules/jsdom/lib/jsdom/living/events/EventTarget-impl.js:338:25)\n    at invokeEventListeners (/Users/shaharg/wix/fed-entry-level-exam/tester/node_modules/jsdom/lib/jsdom/living/events/EventTarget-impl.js:274:3)\n    at XMLHttpRequestImpl._dispatch (/Users/shaharg/wix/fed-entry-level-exam/tester/node_modules/jsdom/lib/jsdom/living/events/EventTarget-impl.js:221:9)\n    at fireAnEvent (/Users/shaharg/wix/fed-entry-level-exam/tester/node_modules/jsdom/lib/jsdom/living/helpers/events.js:18:36)\n    at requestErrorSteps (/Users/shaharg/wix/fed-entry-level-exam/tester/node_modules/jsdom/lib/jsdom/living/xhr/xhr-utils.js:131:3)\n    at dispatchError (/Users/shaharg/wix/fed-entry-level-exam/tester/node_modules/jsdom/lib/jsdom/living/xhr/xhr-utils.js:60:3)\n    at Object.validCORSHeaders (/Users/shaharg/wix/fed-entry-level-exam/tester/node_modules/jsdom/lib/jsdom/living/xhr/xhr-utils.js:75:5)\n    at receiveResponse (/Users/shaharg/wix/fed-entry-level-exam/tester/node_modules/jsdom/lib/jsdom/living/xhr/XMLHttpRequest-impl.js:794:19)\n    at Request.<anonymous> (/Users/shaharg/wix/fed-entry-level-exam/tester/node_modules/jsdom/lib/jsdom/living/xhr/XMLHttpRequest-impl.js:658:43)\n    at Request.emit (events.js:315:20)\n    at Request._processResponse (/Users/shaharg/wix/fed-entry-level-exam/tester/node_modules/jsdom/lib/jsdom/living/helpers/http-request.js:228:12)\n    at ClientRequest.<anonymous> (/Users/shaharg/wix/fed-entry-level-exam/tester/node_modules/jsdom/lib/jsdom/living/helpers/http-request.js:101:12)\n    at Object.onceWrapper (events.js:422:26)\n    at ClientRequest.emit (events.js:327:22)\n    at HTTPParser.parserOnIncomingClient (_http_client.js:641:27)\n    at HTTPParser.parserOnHeadersComplete (_http_common.js:126:17)\n    at Socket.socketOnData (_http_client.js:509:22)\n    at Socket.emit (events.js:315:20)\n    at addChunk (internal/streams/readable.js:309:12)\n    at readableAddChunk (internal/streams/readable.js:284:9)\n    at Socket.Readable.push (internal/streams/readable.js:223:10)\n    at TCP.onStreamRead (internal/stream_base_commons.js:188:23)"],"fullName":"Titles 20 titles are rendered","location":null,"status":"failed","title":"20 titles are rendered"}],"endTime":1629113761791,"message":"\u001b[1m\u001b[31m  \u001b[1m● \u001b[22m\u001b[1mTitles › 20 titles are rendered\u001b[39m\u001b[22m\n\n    Network Error\n\u001b[2m\u001b[22m\n\u001b[2m      \u001b[2mat createError (\u001b[22m\u001b[2mnode_modules/axios/lib/core/createError.js\u001b[2m:16:15)\u001b[22m\u001b[2m\u001b[22m\n\u001b[2m      \u001b[2mat XMLHttpRequest.handleError (\u001b[22m\u001b[2mnode_modules/axios/lib/adapters/xhr.js\u001b[2m:84:14)\u001b[22m\u001b[2m\u001b[22m\n\u001b[2m      \u001b[2mat XMLHttpRequest.invokeTheCallbackFunction (\u001b[22m\u001b[2mnode_modules/jsdom/lib/jsdom/living/generated/EventHandlerNonNull.js\u001b[2m:18:28)\u001b[22m\u001b[2m\u001b[22m\n\u001b[2m      \u001b[2mat XMLHttpRequest.<anonymous> (\u001b[22m\u001b[2mnode_modules/jsdom/lib/jsdom/living/helpers/create-event-accessor.js\u001b[2m:35:32)\u001b[22m\u001b[2m\u001b[22m\n\u001b[2m      \u001b[2mat innerInvokeEventListeners (\u001b[22m\u001b[2mnode_modules/jsdom/lib/jsdom/living/events/EventTarget-impl.js\u001b[2m:338:25)\u001b[22m\u001b[2m\u001b[22m\n\u001b[2m      \u001b[2mat invokeEventListeners (\u001b[22m\u001b[2mnode_modules/jsdom/lib/jsdom/living/events/EventTarget-impl.js\u001b[2m:274:3)\u001b[22m\u001b[2m\u001b[22m\n\u001b[2m      \u001b[2mat XMLHttpRequestImpl._dispatch (\u001b[22m\u001b[2mnode_modules/jsdom/lib/jsdom/living/events/EventTarget-impl.js\u001b[2m:221:9)\u001b[22m\u001b[2m\u001b[22m\n\u001b[2m      \u001b[2mat fireAnEvent (\u001b[22m\u001b[2mnode_modules/jsdom/lib/jsdom/living/helpers/events.js\u001b[2m:18:36)\u001b[22m\u001b[2m\u001b[22m\n\u001b[2m      \u001b[2mat requestErrorSteps (\u001b[22m\u001b[2mnode_modules/jsdom/lib/jsdom/living/xhr/xhr-utils.js\u001b[2m:131:3)\u001b[22m\u001b[2m\u001b[22m\n\u001b[2m      \u001b[2mat dispatchError (\u001b[22m\u001b[2mnode_modules/jsdom/lib/jsdom/living/xhr/xhr-utils.js\u001b[2m:60:3)\u001b[22m\u001b[2m\u001b[22m\n\u001b[2m      \u001b[2mat Object.validCORSHeaders (\u001b[22m\u001b[2mnode_modules/jsdom/lib/jsdom/living/xhr/xhr-utils.js\u001b[2m:75:5)\u001b[22m\u001b[2m\u001b[22m\n\u001b[2m      \u001b[2mat receiveResponse (\u001b[22m\u001b[2mnode_modules/jsdom/lib/jsdom/living/xhr/XMLHttpRequest-impl.js\u001b[2m:794:19)\u001b[22m\u001b[2m\u001b[22m\n\u001b[2m      \u001b[2mat Request.<anonymous> (\u001b[22m\u001b[2mnode_modules/jsdom/lib/jsdom/living/xhr/XMLHttpRequest-impl.js\u001b[2m:658:43)\u001b[22m\u001b[2m\u001b[22m\n\u001b[2m      \u001b[2mat Request._processResponse (\u001b[22m\u001b[2mnode_modules/jsdom/lib/jsdom/living/helpers/http-request.js\u001b[2m:228:12)\u001b[22m\u001b[2m\u001b[22m\n\u001b[2m      \u001b[2mat ClientRequest.<anonymous> (\u001b[22m\u001b[2mnode_modules/jsdom/lib/jsdom/living/helpers/http-request.js\u001b[2m:101:12)\u001b[22m\u001b[2m\u001b[22m\n","name":"/Users/shaharg/wix/fed-entry-level-exam/tester/e2e.test.ts","startTime":1629113756300,"status":"failed","summary":""},{"assertionResults":[{"ancestorTitles":["Time Format"],"failureMessages":[],"fullName":"Time Format shows minutes ago","location":null,"status":"passed","title":"shows minutes ago"}],"endTime":1629113763477,"message":"","name":"/Users/shaharg/wix/fed-entry-level-exam/tester/time-format.test.ts","startTime":1629113761824,"status":"passed","summary":""}],"wasInterrupted":false}